<?xml version="1.0" encoding="UTF-8"?>
<testng-results skipped="0" failed="0" ignored="0" total="1" passed="1">
  <reporter-output>
  </reporter-output>
  <suite name="Default suite" duration-ms="15610" started-at="2021-03-30T03:37:02Z" finished-at="2021-03-30T03:37:18Z">
    <groups>
    </groups>
    <test name="Default test" duration-ms="15610" started-at="2021-03-30T03:37:02Z" finished-at="2021-03-30T03:37:18Z">
      <class name="com.flipkart.testscripts.LoginTest">
        <test-method status="PASS" signature="openBrowser()[pri:0, instance:com.flipkart.testscripts.LoginTest@2ac273d3]" name="openBrowser" is-config="true" duration-ms="2627" started-at="2021-03-30T03:37:02Z" finished-at="2021-03-30T03:37:05Z">
          <reporter-output>
          </reporter-output>
        </test-method> <!-- openBrowser -->
        <test-method status="PASS" signature="login()[pri:0, instance:com.flipkart.testscripts.LoginTest@2ac273d3]" name="login" is-config="true" duration-ms="5659" started-at="2021-03-30T03:37:05Z" finished-at="2021-03-30T03:37:11Z">
          <reporter-output>
          </reporter-output>
        </test-method> <!-- login -->
        <test-method status="PASS" signature="test()[pri:0, instance:com.flipkart.testscripts.LoginTest@2ac273d3]" name="test" duration-ms="2917" started-at="2021-03-30T03:37:11Z" finished-at="2021-03-30T03:37:14Z">
          <reporter-output>
          </reporter-output>
        </test-method> <!-- test -->
        <test-method status="PASS" signature="closeBrowser()[pri:0, instance:com.flipkart.testscripts.LoginTest@2ac273d3]" name="closeBrowser" is-config="true" duration-ms="4349" started-at="2021-03-30T03:37:14Z" finished-at="2021-03-30T03:37:18Z">
          <reporter-output>
          </reporter-output>
        </test-method> <!-- closeBrowser -->
      </class> <!-- com.flipkart.testscripts.LoginTest -->
    </test> <!-- Default test -->
  </suite> <!-- Default suite -->
</testng-results>
