<?xml version="1.0" encoding="UTF-8"?>
<testng-results skipped="0" failed="0" ignored="0" total="1" passed="1">
  <reporter-output>
  </reporter-output>
  <suite name="Default suite" duration-ms="47053" started-at="2021-03-27T05:11:01Z" finished-at="2021-03-27T05:11:48Z">
    <groups>
    </groups>
    <test name="Default test" duration-ms="47053" started-at="2021-03-27T05:11:01Z" finished-at="2021-03-27T05:11:48Z">
      <class name="com.orangeHRMopenSource.testscripts.LoginTest">
        <test-method status="PASS" signature="openBrowser()[pri:0, instance:com.orangeHRMopenSource.testscripts.LoginTest@71423665]" name="openBrowser" is-config="true" duration-ms="5951" started-at="2021-03-27T05:11:01Z" finished-at="2021-03-27T05:11:07Z">
          <reporter-output>
          </reporter-output>
        </test-method> <!-- openBrowser -->
        <test-method status="PASS" signature="login()[pri:0, instance:com.orangeHRMopenSource.testscripts.LoginTest@71423665]" name="login" is-config="true" duration-ms="11313" started-at="2021-03-27T05:11:07Z" finished-at="2021-03-27T05:11:19Z">
          <reporter-output>
          </reporter-output>
        </test-method> <!-- login -->
        <test-method status="PASS" signature="t1()[pri:0, instance:com.orangeHRMopenSource.testscripts.LoginTest@71423665]" name="t1" duration-ms="26817" started-at="2021-03-27T05:11:19Z" finished-at="2021-03-27T05:11:45Z">
          <reporter-output>
          </reporter-output>
        </test-method> <!-- t1 -->
        <test-method status="PASS" signature="logout()[pri:0, instance:com.orangeHRMopenSource.testscripts.LoginTest@71423665]" name="logout" is-config="true" duration-ms="1569" started-at="2021-03-27T05:11:45Z" finished-at="2021-03-27T05:11:47Z">
          <reporter-output>
          </reporter-output>
        </test-method> <!-- logout -->
        <test-method status="PASS" signature="closeBrowser()[pri:0, instance:com.orangeHRMopenSource.testscripts.LoginTest@71423665]" name="closeBrowser" is-config="true" duration-ms="1365" started-at="2021-03-27T05:11:47Z" finished-at="2021-03-27T05:11:48Z">
          <reporter-output>
          </reporter-output>
        </test-method> <!-- closeBrowser -->
      </class> <!-- com.orangeHRMopenSource.testscripts.LoginTest -->
    </test> <!-- Default test -->
  </suite> <!-- Default suite -->
</testng-results>
