<?xml version="1.0" encoding="UTF-8"?>
<testng-results skipped="0" failed="0" ignored="0" total="1" passed="1">
  <reporter-output>
  </reporter-output>
  <suite name="Default suite" duration-ms="22835" started-at="2021-04-11T08:22:37Z" finished-at="2021-04-11T08:23:00Z">
    <groups>
    </groups>
    <test name="Default test" duration-ms="22835" started-at="2021-04-11T08:22:37Z" finished-at="2021-04-11T08:23:00Z">
      <class name="com.actitime.testscripts.Test">
        <test-method status="PASS" signature="openBrowser()[pri:0, instance:com.actitime.testscripts.Test@71423665]" name="openBrowser" is-config="true" duration-ms="2508" started-at="2021-04-11T08:22:37Z" finished-at="2021-04-11T08:22:40Z">
          <reporter-output>
          </reporter-output>
        </test-method> <!-- openBrowser -->
        <test-method status="PASS" signature="login()[pri:0, instance:com.actitime.testscripts.Test@71423665]" name="login" is-config="true" duration-ms="9583" started-at="2021-04-11T08:22:40Z" finished-at="2021-04-11T08:22:50Z">
          <reporter-output>
          </reporter-output>
        </test-method> <!-- login -->
        <test-method status="PASS" signature="test1()[pri:0, instance:com.actitime.testscripts.Test@71423665]" name="test1" duration-ms="8480" started-at="2021-04-11T08:22:50Z" finished-at="2021-04-11T08:22:58Z">
          <reporter-output>
          </reporter-output>
        </test-method> <!-- test1 -->
        <test-method status="PASS" signature="logout()[pri:0, instance:com.actitime.testscripts.Test@71423665]" name="logout" is-config="true" duration-ms="1727" started-at="2021-04-11T08:22:58Z" finished-at="2021-04-11T08:23:00Z">
          <reporter-output>
          </reporter-output>
        </test-method> <!-- logout -->
        <test-method status="PASS" signature="close()[pri:0, instance:com.actitime.testscripts.Test@71423665]" name="close" is-config="true" duration-ms="484" started-at="2021-04-11T08:23:00Z" finished-at="2021-04-11T08:23:00Z">
          <reporter-output>
          </reporter-output>
        </test-method> <!-- close -->
      </class> <!-- com.actitime.testscripts.Test -->
    </test> <!-- Default test -->
  </suite> <!-- Default suite -->
</testng-results>
